Traceback (most recent call last):
  File "/home/andres-campos/github_public/Metodos-Estadisticos/venv/lib/python3.10/site-packages/jupyter_cache/executors/utils.py", line 58, in single_nb_execution
    executenb(
  File "/home/andres-campos/github_public/Metodos-Estadisticos/venv/lib/python3.10/site-packages/nbclient/client.py", line 1314, in execute
    return NotebookClient(nb=nb, resources=resources, km=km, **kwargs).execute()
  File "/home/andres-campos/github_public/Metodos-Estadisticos/venv/lib/python3.10/site-packages/jupyter_core/utils/__init__.py", line 165, in wrapped
    return loop.run_until_complete(inner)
  File "/usr/lib/python3.10/asyncio/base_events.py", line 649, in run_until_complete
    return future.result()
  File "/home/andres-campos/github_public/Metodos-Estadisticos/venv/lib/python3.10/site-packages/nbclient/client.py", line 709, in async_execute
    await self.async_execute_cell(
  File "/home/andres-campos/github_public/Metodos-Estadisticos/venv/lib/python3.10/site-packages/nbclient/client.py", line 1062, in async_execute_cell
    await self._check_raise_for_error(cell, cell_index, exec_reply)
  File "/home/andres-campos/github_public/Metodos-Estadisticos/venv/lib/python3.10/site-packages/nbclient/client.py", line 918, in _check_raise_for_error
    raise CellExecutionError.from_cell_and_msg(cell, exec_reply_content)
nbclient.exceptions.CellExecutionError: An error occurred while executing the following cell:
------------------
import warnings
warnings.filterwarnings("ignore")

import pandas as pd
import plotly.express as px
from umap import UMAP
from sklearn.preprocessing import StandardScaler, MinMaxScaler, RobustScaler
from sklearn.decomposition import PCA
from sklearn.cluster import KMeans
from sklearn.model_selection import RandomizedSearchCV
from sklearn.pipeline import Pipeline
from sklearn.mixture import GaussianMixture
from sklearn.manifold import TSNE
from sklearn.metrics import silhouette_score, davies_bouldin_score

url_base = "https://raw.githubusercontent.com/lacamposm/Metodos-Estadisticos/main/data/"
------------------


[0;31m---------------------------------------------------------------------------[0m
[0;31mKeyboardInterrupt[0m                         Traceback (most recent call last)
Cell [0;32mIn[2], line 6[0m
[1;32m      4[0m [38;5;28;01mimport[39;00m [38;5;21;01mpandas[39;00m [38;5;28;01mas[39;00m [38;5;21;01mpd[39;00m
[1;32m      5[0m [38;5;28;01mimport[39;00m [38;5;21;01mplotly[39;00m[38;5;21;01m.[39;00m[38;5;21;01mexpress[39;00m [38;5;28;01mas[39;00m [38;5;21;01mpx[39;00m
[0;32m----> 6[0m [38;5;28;01mfrom[39;00m [38;5;21;01mumap[39;00m [38;5;28;01mimport[39;00m UMAP
[1;32m      7[0m [38;5;28;01mfrom[39;00m [38;5;21;01msklearn[39;00m[38;5;21;01m.[39;00m[38;5;21;01mpreprocessing[39;00m [38;5;28;01mimport[39;00m StandardScaler, MinMaxScaler, RobustScaler
[1;32m      8[0m [38;5;28;01mfrom[39;00m [38;5;21;01msklearn[39;00m[38;5;21;01m.[39;00m[38;5;21;01mdecomposition[39;00m [38;5;28;01mimport[39;00m PCA

File [0;32m~/github_public/Metodos-Estadisticos/venv/lib/python3.10/site-packages/umap/__init__.py:2[0m
[1;32m      1[0m [38;5;28;01mfrom[39;00m [38;5;21;01mwarnings[39;00m [38;5;28;01mimport[39;00m warn, catch_warnings, simplefilter
[0;32m----> 2[0m [38;5;28;01mfrom[39;00m [38;5;21;01m.[39;00m[38;5;21;01mumap_[39;00m [38;5;28;01mimport[39;00m UMAP
[1;32m      4[0m [38;5;28;01mtry[39;00m:
[1;32m      5[0m     [38;5;28;01mwith[39;00m catch_warnings():

File [0;32m~/github_public/Metodos-Estadisticos/venv/lib/python3.10/site-packages/umap/umap_.py:48[0m
[1;32m     41[0m [38;5;28;01mfrom[39;00m [38;5;21;01mumap[39;00m[38;5;21;01m.[39;00m[38;5;21;01mspectral[39;00m [38;5;28;01mimport[39;00m spectral_layout, tswspectral_layout
[1;32m     42[0m [38;5;28;01mfrom[39;00m [38;5;21;01mumap[39;00m[38;5;21;01m.[39;00m[38;5;21;01mlayouts[39;00m [38;5;28;01mimport[39;00m (
[1;32m     43[0m     optimize_layout_euclidean,
[1;32m     44[0m     optimize_layout_generic,
[1;32m     45[0m     optimize_layout_inverse,
[1;32m     46[0m )
[0;32m---> 48[0m [38;5;28;01mfrom[39;00m [38;5;21;01mpynndescent[39;00m [38;5;28;01mimport[39;00m NNDescent
[1;32m     49[0m [38;5;28;01mfrom[39;00m [38;5;21;01mpynndescent[39;00m[38;5;21;01m.[39;00m[38;5;21;01mdistances[39;00m [38;5;28;01mimport[39;00m named_distances [38;5;28;01mas[39;00m pynn_named_distances
[1;32m     50[0m [38;5;28;01mfrom[39;00m [38;5;21;01mpynndescent[39;00m[38;5;21;01m.[39;00m[38;5;21;01msparse[39;00m [38;5;28;01mimport[39;00m sparse_named_distances [38;5;28;01mas[39;00m pynn_sparse_named_distances

File [0;32m~/github_public/Metodos-Estadisticos/venv/lib/python3.10/site-packages/pynndescent/__init__.py:5[0m
[1;32m      1[0m [38;5;28;01mimport[39;00m [38;5;21;01msys[39;00m
[1;32m      3[0m [38;5;28;01mimport[39;00m [38;5;21;01mnumba[39;00m
[0;32m----> 5[0m [38;5;28;01mfrom[39;00m [38;5;21;01m.[39;00m[38;5;21;01mpynndescent_[39;00m [38;5;28;01mimport[39;00m NNDescent, PyNNDescentTransformer
[1;32m      7[0m [38;5;28;01mif[39;00m sys[38;5;241m.[39mversion_info[:[38;5;241m2[39m] [38;5;241m>[39m[38;5;241m=[39m ([38;5;241m3[39m, [38;5;241m8[39m):
[1;32m      8[0m     [38;5;28;01mimport[39;00m [38;5;21;01mimportlib[39;00m[38;5;21;01m.[39;00m[38;5;21;01mmetadata[39;00m [38;5;28;01mas[39;00m [38;5;21;01mimportlib_metadata[39;00m

File [0;32m~/github_public/Metodos-Estadisticos/venv/lib/python3.10/site-packages/pynndescent/pynndescent_.py:22[0m
[1;32m     12[0m [38;5;28;01mfrom[39;00m [38;5;21;01mscipy[39;00m[38;5;21;01m.[39;00m[38;5;21;01msparse[39;00m [38;5;28;01mimport[39;00m (
[1;32m     13[0m     csr_matrix,
[1;32m     14[0m     coo_matrix,
[0;32m   (...)[0m
[1;32m     17[0m     issparse,
[1;32m     18[0m )
[1;32m     20[0m [38;5;28;01mimport[39;00m [38;5;21;01mheapq[39;00m
[0;32m---> 22[0m [38;5;28;01mimport[39;00m [38;5;21;01mpynndescent[39;00m[38;5;21;01m.[39;00m[38;5;21;01msparse[39;00m [38;5;28;01mas[39;00m [38;5;21;01msparse[39;00m
[1;32m     23[0m [38;5;28;01mimport[39;00m [38;5;21;01mpynndescent[39;00m[38;5;21;01m.[39;00m[38;5;21;01msparse_nndescent[39;00m [38;5;28;01mas[39;00m [38;5;21;01msparse_nnd[39;00m
[1;32m     24[0m [38;5;28;01mimport[39;00m [38;5;21;01mpynndescent[39;00m[38;5;21;01m.[39;00m[38;5;21;01mdistances[39;00m [38;5;28;01mas[39;00m [38;5;21;01mpynnd_dist[39;00m

File [0;32m~/github_public/Metodos-Estadisticos/venv/lib/python3.10/site-packages/pynndescent/sparse.py:231[0m
[1;32m    201[0m [38;5;129m@numba[39m[38;5;241m.[39mnjit(cache[38;5;241m=[39m[38;5;28;01mTrue[39;00m)
[1;32m    202[0m [38;5;28;01mdef[39;00m [38;5;21msparse_diff[39m(ind1, data1, ind2, data2):
[1;32m    203[0m     [38;5;28;01mreturn[39;00m sparse_sum(ind1, data1, ind2, [38;5;241m-[39mdata2)
[1;32m    206[0m [38;5;129;43m@numba[39;49m[38;5;241;43m.[39;49m[43mnjit[49m[43m([49m
[1;32m    207[0m [43m    [49m[43m[[49m
[1;32m    208[0m [43m        [49m[38;5;66;43;03m# "Tuple((i4[::1],f4[::1]))(i4[::1],f4[::1],i4[::1],f4[::1])",[39;49;00m
[1;32m    209[0m [43m        [49m[43mnumba[49m[38;5;241;43m.[39;49m[43mtypes[49m[38;5;241;43m.[39;49m[43mTuple[49m[43m([49m
[1;32m    210[0m [43m            [49m[43m([49m
[1;32m    211[0m [43m                [49m[43mnumba[49m[38;5;241;43m.[39;49m[43mtypes[49m[38;5;241;43m.[39;49m[43mListType[49m[43m([49m[43mnumba[49m[38;5;241;43m.[39;49m[43mtypes[49m[38;5;241;43m.[39;49m[43mint32[49m[43m)[49m[43m,[49m
[1;32m    212[0m [43m                [49m[43mnumba[49m[38;5;241;43m.[39;49m[43mtypes[49m[38;5;241;43m.[39;49m[43mListType[49m[43m([49m[43mnumba[49m[38;5;241;43m.[39;49m[43mtypes[49m[38;5;241;43m.[39;49m[43mfloat32[49m[43m)[49m[43m,[49m
[1;32m    213[0m [43m            [49m[43m)[49m
[1;32m    214[0m [43m        [49m[43m)[49m[43m([49m
[1;32m    215[0m [43m            [49m[43mnumba[49m[38;5;241;43m.[39;49m[43mtypes[49m[38;5;241;43m.[39;49m[43mArray[49m[43m([49m[43mnumba[49m[38;5;241;43m.[39;49m[43mtypes[49m[38;5;241;43m.[39;49m[43mint32[49m[43m,[49m[43m [49m[38;5;241;43m1[39;49m[43m,[49m[43m [49m[38;5;124;43m"[39;49m[38;5;124;43mC[39;49m[38;5;124;43m"[39;49m[43m,[49m[43m [49m[43mreadonly[49m[38;5;241;43m=[39;49m[38;5;28;43;01mTrue[39;49;00m[43m)[49m[43m,[49m
[1;32m    216[0m [43m            [49m[43mnumba[49m[38;5;241;43m.[39;49m[43mtypes[49m[38;5;241;43m.[39;49m[43mArray[49m[43m([49m[43mnumba[49m[38;5;241;43m.[39;49m[43mtypes[49m[38;5;241;43m.[39;49m[43mfloat32[49m[43m,[49m[43m [49m[38;5;241;43m1[39;49m[43m,[49m[43m [49m[38;5;124;43m"[39;49m[38;5;124;43mC[39;49m[38;5;124;43m"[39;49m[43m,[49m[43m [49m[43mreadonly[49m[38;5;241;43m=[39;49m[38;5;28;43;01mTrue[39;49;00m[43m)[49m[43m,[49m
[1;32m    217[0m [43m            [49m[43mnumba[49m[38;5;241;43m.[39;49m[43mtypes[49m[38;5;241;43m.[39;49m[43mArray[49m[43m([49m[43mnumba[49m[38;5;241;43m.[39;49m[43mtypes[49m[38;5;241;43m.[39;49m[43mint32[49m[43m,[49m[43m [49m[38;5;241;43m1[39;49m[43m,[49m[43m [49m[38;5;124;43m"[39;49m[38;5;124;43mC[39;49m[38;5;124;43m"[39;49m[43m,[49m[43m [49m[43mreadonly[49m[38;5;241;43m=[39;49m[38;5;28;43;01mTrue[39;49;00m[43m)[49m[43m,[49m
[1;32m    218[0m [43m            [49m[43mnumba[49m[38;5;241;43m.[39;49m[43mtypes[49m[38;5;241;43m.[39;49m[43mArray[49m[43m([49m[43mnumba[49m[38;5;241;43m.[39;49m[43mtypes[49m[38;5;241;43m.[39;49m[43mfloat32[49m[43m,[49m[43m [49m[38;5;241;43m1[39;49m[43m,[49m[43m [49m[38;5;124;43m"[39;49m[38;5;124;43mC[39;49m[38;5;124;43m"[39;49m[43m,[49m[43m [49m[43mreadonly[49m[38;5;241;43m=[39;49m[38;5;28;43;01mTrue[39;49;00m[43m)[49m[43m,[49m
[1;32m    219[0m [43m        [49m[43m)[49m
[1;32m    220[0m [43m    [49m[43m][49m[43m,[49m
[1;32m    221[0m [43m    [49m[43mfastmath[49m[38;5;241;43m=[39;49m[38;5;28;43;01mTrue[39;49;00m[43m,[49m
[1;32m    222[0m [43m    [49m[38;5;28;43mlocals[39;49m[38;5;241;43m=[39;49m[43m{[49m
[1;32m    223[0m [43m        [49m[38;5;124;43m"[39;49m[38;5;124;43mval[39;49m[38;5;124;43m"[39;49m[43m:[49m[43m [49m[43mnumba[49m[38;5;241;43m.[39;49m[43mtypes[49m[38;5;241;43m.[39;49m[43mfloat32[49m[43m,[49m
[1;32m    224[0m [43m        [49m[38;5;124;43m"[39;49m[38;5;124;43mi1[39;49m[38;5;124;43m"[39;49m[43m:[49m[43m [49m[43mnumba[49m[38;5;241;43m.[39;49m[43mtypes[49m[38;5;241;43m.[39;49m[43mint32[49m[43m,[49m
[1;32m    225[0m [43m        [49m[38;5;124;43m"[39;49m[38;5;124;43mi2[39;49m[38;5;124;43m"[39;49m[43m:[49m[43m [49m[43mnumba[49m[38;5;241;43m.[39;49m[43mtypes[49m[38;5;241;43m.[39;49m[43mint32[49m[43m,[49m
[1;32m    226[0m [43m        [49m[38;5;124;43m"[39;49m[38;5;124;43mj1[39;49m[38;5;124;43m"[39;49m[43m:[49m[43m [49m[43mnumba[49m[38;5;241;43m.[39;49m[43mtypes[49m[38;5;241;43m.[39;49m[43mint32[49m[43m,[49m
[1;32m    227[0m [43m        [49m[38;5;124;43m"[39;49m[38;5;124;43mj2[39;49m[38;5;124;43m"[39;49m[43m:[49m[43m [49m[43mnumba[49m[38;5;241;43m.[39;49m[43mtypes[49m[38;5;241;43m.[39;49m[43mint32[49m[43m,[49m
[1;32m    228[0m [43m    [49m[43m}[49m[43m,[49m
[1;32m    229[0m [43m    [49m[43mcache[49m[38;5;241;43m=[39;49m[38;5;28;43;01mTrue[39;49;00m[43m,[49m
[1;32m    230[0m [43m)[49m
[0;32m--> 231[0m [38;5;28;43;01mdef[39;49;00m[43m [49m[38;5;21;43msparse_mul[39;49m[43m([49m[43mind1[49m[43m,[49m[43m [49m[43mdata1[49m[43m,[49m[43m [49m[43mind2[49m[43m,[49m[43m [49m[43mdata2[49m[43m)[49m[43m:[49m
[1;32m    232[0m [43m    [49m[43mresult_ind[49m[43m [49m[38;5;241;43m=[39;49m[43m [49m[43mnumba[49m[38;5;241;43m.[39;49m[43mtyped[49m[38;5;241;43m.[39;49m[43mList[49m[38;5;241;43m.[39;49m[43mempty_list[49m[43m([49m[43mnumba[49m[38;5;241;43m.[39;49m[43mtypes[49m[38;5;241;43m.[39;49m[43mint32[49m[43m)[49m
[1;32m    233[0m [43m    [49m[43mresult_data[49m[43m [49m[38;5;241;43m=[39;49m[43m [49m[43mnumba[49m[38;5;241;43m.[39;49m[43mtyped[49m[38;5;241;43m.[39;49m[43mList[49m[38;5;241;43m.[39;49m[43mempty_list[49m[43m([49m[43mnumba[49m[38;5;241;43m.[39;49m[43mtypes[49m[38;5;241;43m.[39;49m[43mfloat32[49m[43m)[49m

File [0;32m~/github_public/Metodos-Estadisticos/venv/lib/python3.10/site-packages/numba/core/decorators.py:232[0m, in [0;36m_jit.<locals>.wrapper[0;34m(func)[0m
[1;32m    230[0m     [38;5;28;01mwith[39;00m typeinfer[38;5;241m.[39mregister_dispatcher(disp):
[1;32m    231[0m         [38;5;28;01mfor[39;00m sig [38;5;129;01min[39;00m sigs:
[0;32m--> 232[0m             [43mdisp[49m[38;5;241;43m.[39;49m[43mcompile[49m[43m([49m[43msig[49m[43m)[49m
[1;32m    233[0m         disp[38;5;241m.[39mdisable_compile()
[1;32m    234[0m [38;5;28;01mreturn[39;00m disp

File [0;32m~/github_public/Metodos-Estadisticos/venv/lib/python3.10/site-packages/numba/core/dispatcher.py:886[0m, in [0;36mDispatcher.compile[0;34m(self, sig)[0m
[1;32m    884[0m     [38;5;28;01mreturn[39;00m existing[38;5;241m.[39mentry_point
[1;32m    885[0m [38;5;66;03m# Try to load from disk cache[39;00m
[0;32m--> 886[0m cres [38;5;241m=[39m [38;5;28;43mself[39;49m[38;5;241;43m.[39;49m[43m_cache[49m[38;5;241;43m.[39;49m[43mload_overload[49m[43m([49m[43msig[49m[43m,[49m[43m [49m[38;5;28;43mself[39;49m[38;5;241;43m.[39;49m[43mtargetctx[49m[43m)[49m
[1;32m    887[0m [38;5;28;01mif[39;00m cres [38;5;129;01mis[39;00m [38;5;129;01mnot[39;00m [38;5;28;01mNone[39;00m:
[1;32m    888[0m     [38;5;28mself[39m[38;5;241m.[39m_cache_hits[sig] [38;5;241m+[39m[38;5;241m=[39m [38;5;241m1[39m

File [0;32m~/github_public/Metodos-Estadisticos/venv/lib/python3.10/site-packages/numba/core/caching.py:635[0m, in [0;36mCache.load_overload[0;34m(self, sig, target_context)[0m
[1;32m    633[0m target_context[38;5;241m.[39mrefresh()
[1;32m    634[0m [38;5;28;01mwith[39;00m [38;5;28mself[39m[38;5;241m.[39m_guard_against_spurious_io_errors():
[0;32m--> 635[0m     [38;5;28;01mreturn[39;00m [38;5;28;43mself[39;49m[38;5;241;43m.[39;49m[43m_load_overload[49m[43m([49m[43msig[49m[43m,[49m[43m [49m[43mtarget_context[49m[43m)[49m

File [0;32m~/github_public/Metodos-Estadisticos/venv/lib/python3.10/site-packages/numba/core/caching.py:644[0m, in [0;36mCache._load_overload[0;34m(self, sig, target_context)[0m
[1;32m    642[0m data [38;5;241m=[39m [38;5;28mself[39m[38;5;241m.[39m_cache_file[38;5;241m.[39mload(key)
[1;32m    643[0m [38;5;28;01mif[39;00m data [38;5;129;01mis[39;00m [38;5;129;01mnot[39;00m [38;5;28;01mNone[39;00m:
[0;32m--> 644[0m     data [38;5;241m=[39m [38;5;28;43mself[39;49m[38;5;241;43m.[39;49m[43m_impl[49m[38;5;241;43m.[39;49m[43mrebuild[49m[43m([49m[43mtarget_context[49m[43m,[49m[43m [49m[43mdata[49m[43m)[49m
[1;32m    645[0m [38;5;28;01mreturn[39;00m data

File [0;32m~/github_public/Metodos-Estadisticos/venv/lib/python3.10/site-packages/numba/core/caching.py:395[0m, in [0;36mCompileResultCacheImpl.rebuild[0;34m(self, target_context, payload)[0m
[1;32m    391[0m [38;5;28;01mdef[39;00m [38;5;21mrebuild[39m([38;5;28mself[39m, target_context, payload):
[1;32m    392[0m [38;5;250m    [39m[38;5;124;03m"""[39;00m
[1;32m    393[0m [38;5;124;03m    Returns the unserialized CompileResult[39;00m
[1;32m    394[0m [38;5;124;03m    """[39;00m
[0;32m--> 395[0m     [38;5;28;01mreturn[39;00m [43mcompiler[49m[38;5;241;43m.[39;49m[43mCompileResult[49m[38;5;241;43m.[39;49m[43m_rebuild[49m[43m([49m[43mtarget_context[49m[43m,[49m[43m [49m[38;5;241;43m*[39;49m[43mpayload[49m[43m)[49m

File [0;32m~/github_public/Metodos-Estadisticos/venv/lib/python3.10/site-packages/numba/core/compiler.py:235[0m, in [0;36mCompileResult._rebuild[0;34m(cls, target_context, libdata, fndesc, env, signature, objectmode, lifted, typeann, reload_init, referenced_envs)[0m
[1;32m    232[0m     [38;5;28;01mfor[39;00m fn [38;5;129;01min[39;00m reload_init:
[1;32m    233[0m         fn()
[0;32m--> 235[0m library [38;5;241m=[39m [43mtarget_context[49m[38;5;241;43m.[39;49m[43mcodegen[49m[43m([49m[43m)[49m[38;5;241;43m.[39;49m[43munserialize_library[49m[43m([49m[43mlibdata[49m[43m)[49m
[1;32m    236[0m cfunc [38;5;241m=[39m target_context[38;5;241m.[39mget_executable(library, fndesc, env)
[1;32m    237[0m cr [38;5;241m=[39m [38;5;28mcls[39m(target_context[38;5;241m=[39mtarget_context,
[1;32m    238[0m          typing_context[38;5;241m=[39mtarget_context[38;5;241m.[39mtyping_context,
[1;32m    239[0m          library[38;5;241m=[39mlibrary,
[0;32m   (...)[0m
[1;32m    251[0m          referenced_envs[38;5;241m=[39mreferenced_envs,
[1;32m    252[0m          )

File [0;32m~/github_public/Metodos-Estadisticos/venv/lib/python3.10/site-packages/numba/core/codegen.py:1158[0m, in [0;36mCodegen.unserialize_library[0;34m(self, serialized)[0m
[1;32m   1157[0m [38;5;28;01mdef[39;00m [38;5;21munserialize_library[39m([38;5;28mself[39m, serialized):
[0;32m-> 1158[0m     [38;5;28;01mreturn[39;00m [38;5;28;43mself[39;49m[38;5;241;43m.[39;49m[43m_library_class[49m[38;5;241;43m.[39;49m[43m_unserialize[49m[43m([49m[38;5;28;43mself[39;49m[43m,[49m[43m [49m[43mserialized[49m[43m)[49m

File [0;32m~/github_public/Metodos-Estadisticos/venv/lib/python3.10/site-packages/numba/core/codegen.py:942[0m, in [0;36mCPUCodeLibrary._unserialize[0;34m(cls, codegen, state)[0m
[1;32m    940[0m     [38;5;28mself[39m[38;5;241m.[39m_finalize_final_module()
[1;32m    941[0m     [38;5;66;03m# Load symbols from cache[39;00m
[0;32m--> 942[0m     [38;5;28;43mself[39;49m[38;5;241;43m.[39;49m[43m_codegen[49m[38;5;241;43m.[39;49m[43m_engine[49m[38;5;241;43m.[39;49m[43m_load_defined_symbols[49m[43m([49m[38;5;28;43mself[39;49m[38;5;241;43m.[39;49m[43m_shared_module[49m[43m)[49m
[1;32m    943[0m     [38;5;28;01mreturn[39;00m [38;5;28mself[39m
[1;32m    944[0m [38;5;28;01melse[39;00m:

File [0;32m~/github_public/Metodos-Estadisticos/venv/lib/python3.10/site-packages/numba/core/codegen.py:1091[0m, in [0;36mJitEngine._load_defined_symbols[0;34m(self, mod)[0m
[1;32m   1088[0m [38;5;250m[39m[38;5;124;03m"""Extract symbols from the module[39;00m
[1;32m   1089[0m [38;5;124;03m"""[39;00m
[1;32m   1090[0m [38;5;28;01mfor[39;00m gsets [38;5;129;01min[39;00m (mod[38;5;241m.[39mfunctions, mod[38;5;241m.[39mglobal_variables):
[0;32m-> 1091[0m     [38;5;28mself[39m[38;5;241m.[39m_defined_symbols [38;5;241m|[39m[38;5;241m=[39m {gv[38;5;241m.[39mname [38;5;28;01mfor[39;00m gv [38;5;129;01min[39;00m gsets
[1;32m   1092[0m                               [38;5;28;01mif[39;00m [38;5;129;01mnot[39;00m gv[38;5;241m.[39mis_declaration}

File [0;32m~/github_public/Metodos-Estadisticos/venv/lib/python3.10/site-packages/numba/core/codegen.py:1092[0m, in [0;36m<setcomp>[0;34m(.0)[0m
[1;32m   1088[0m [38;5;250m[39m[38;5;124;03m"""Extract symbols from the module[39;00m
[1;32m   1089[0m [38;5;124;03m"""[39;00m
[1;32m   1090[0m [38;5;28;01mfor[39;00m gsets [38;5;129;01min[39;00m (mod[38;5;241m.[39mfunctions, mod[38;5;241m.[39mglobal_variables):
[1;32m   1091[0m     [38;5;28mself[39m[38;5;241m.[39m_defined_symbols [38;5;241m|[39m[38;5;241m=[39m {gv[38;5;241m.[39mname [38;5;28;01mfor[39;00m gv [38;5;129;01min[39;00m gsets
[0;32m-> 1092[0m                               [38;5;28;01mif[39;00m [38;5;129;01mnot[39;00m [43mgv[49m[38;5;241;43m.[39;49m[43mis_declaration[49m}

File [0;32m~/github_public/Metodos-Estadisticos/venv/lib/python3.10/site-packages/llvmlite/binding/value.py:229[0m, in [0;36mValueRef.is_declaration[0;34m(self)[0m
[1;32m    226[0m [38;5;28;01mif[39;00m [38;5;129;01mnot[39;00m ([38;5;28mself[39m[38;5;241m.[39mis_global [38;5;129;01mor[39;00m [38;5;28mself[39m[38;5;241m.[39mis_function):
[1;32m    227[0m     [38;5;28;01mraise[39;00m [38;5;167;01mValueError[39;00m([38;5;124m'[39m[38;5;124mexpected global or function value, got [39m[38;5;132;01m%s[39;00m[38;5;124m'[39m
[1;32m    228[0m                      [38;5;241m%[39m ([38;5;28mself[39m[38;5;241m.[39m_kind,))
[0;32m--> 229[0m [38;5;28;01mreturn[39;00m [43mffi[49m[38;5;241;43m.[39;49m[43mlib[49m[38;5;241;43m.[39;49m[43mLLVMPY_IsDeclaration[49m[43m([49m[38;5;28;43mself[39;49m[43m)[49m

File [0;32m~/github_public/Metodos-Estadisticos/venv/lib/python3.10/site-packages/llvmlite/binding/ffi.py:191[0m, in [0;36m_lib_fn_wrapper.__call__[0;34m(self, *args, **kwargs)[0m
[1;32m    190[0m [38;5;28;01mdef[39;00m [38;5;21m__call__[39m([38;5;28mself[39m, [38;5;241m*[39margs, [38;5;241m*[39m[38;5;241m*[39mkwargs):
[0;32m--> 191[0m     [38;5;28;01mwith[39;00m [38;5;28mself[39m[38;5;241m.[39m_lock:
[1;32m    192[0m         [38;5;28;01mreturn[39;00m [38;5;28mself[39m[38;5;241m.[39m_cfn([38;5;241m*[39margs, [38;5;241m*[39m[38;5;241m*[39mkwargs)

File [0;32m~/github_public/Metodos-Estadisticos/venv/lib/python3.10/site-packages/llvmlite/binding/ffi.py:76[0m, in [0;36m_LLVMLock.__enter__[0;34m(self)[0m
[1;32m     74[0m [38;5;66;03m# Invoke all callbacks[39;00m
[1;32m     75[0m [38;5;28;01mfor[39;00m acq_fn, rel_fn [38;5;129;01min[39;00m [38;5;28mself[39m[38;5;241m.[39m_cblist:
[0;32m---> 76[0m     [43macq_fn[49m[43m([49m[43m)[49m

File [0;32m~/github_public/Metodos-Estadisticos/venv/lib/python3.10/site-packages/numba/core/base.py:1247[0m, in [0;36m_initialize_llvm_lock_event.<locals>.enter_fn[0;34m()[0m
[1;32m   1246[0m [38;5;28;01mdef[39;00m [38;5;21menter_fn[39m():
[0;32m-> 1247[0m     [43mevent[49m[38;5;241;43m.[39;49m[43mstart_event[49m[43m([49m[38;5;124;43m"[39;49m[38;5;124;43mnumba:llvm_lock[39;49m[38;5;124;43m"[39;49m[43m)[49m

File [0;32m~/github_public/Metodos-Estadisticos/venv/lib/python3.10/site-packages/numba/core/event.py:401[0m, in [0;36mstart_event[0;34m(kind, data)[0m
[1;32m    391[0m [38;5;250m[39m[38;5;124;03m"""Trigger the start of an event of *kind* with *data*.[39;00m
[1;32m    392[0m 
[1;32m    393[0m [38;5;124;03mParameters[39;00m
[0;32m   (...)[0m
[1;32m    398[0m [38;5;124;03m    Extra event data.[39;00m
[1;32m    399[0m [38;5;124;03m"""[39;00m
[1;32m    400[0m evt [38;5;241m=[39m Event(kind[38;5;241m=[39mkind, status[38;5;241m=[39mEventStatus[38;5;241m.[39mSTART, data[38;5;241m=[39mdata)
[0;32m--> 401[0m [43mbroadcast[49m[43m([49m[43mevt[49m[43m)[49m

File [0;32m~/github_public/Metodos-Estadisticos/venv/lib/python3.10/site-packages/numba/core/event.py:216[0m, in [0;36mbroadcast[0;34m(event)[0m
[1;32m    209[0m [38;5;28;01mdef[39;00m [38;5;21mbroadcast[39m(event):
[1;32m    210[0m [38;5;250m    [39m[38;5;124;03m"""Broadcast an event to all registered listeners.[39;00m
[1;32m    211[0m 
[1;32m    212[0m [38;5;124;03m    Parameters[39;00m
[1;32m    213[0m [38;5;124;03m    ----------[39;00m
[1;32m    214[0m [38;5;124;03m    event : Event[39;00m
[1;32m    215[0m [38;5;124;03m    """[39;00m
[0;32m--> 216[0m     [38;5;28;01mfor[39;00m listener [38;5;129;01min[39;00m _registered[[43mevent[49m[38;5;241;43m.[39;49m[43mkind[49m]:
[1;32m    217[0m         listener[38;5;241m.[39mnotify(event)

File [0;32m~/github_public/Metodos-Estadisticos/venv/lib/python3.10/site-packages/numba/core/event.py:108[0m, in [0;36mEvent.kind[0;34m(self)[0m
[1;32m    103[0m     [38;5;28mself[39m[38;5;241m.[39m_data [38;5;241m=[39m data
[1;32m    104[0m     [38;5;28mself[39m[38;5;241m.[39m_exc_details [38;5;241m=[39m ([38;5;28;01mNone[39;00m
[1;32m    105[0m                          [38;5;28;01mif[39;00m exc_details [38;5;129;01mis[39;00m [38;5;28;01mNone[39;00m [38;5;129;01mor[39;00m exc_details[[38;5;241m0[39m] [38;5;129;01mis[39;00m [38;5;28;01mNone[39;00m
[1;32m    106[0m                          [38;5;28;01melse[39;00m exc_details)
[0;32m--> 108[0m [38;5;129m@property[39m
[1;32m    109[0m [38;5;28;01mdef[39;00m [38;5;21mkind[39m([38;5;28mself[39m):
[1;32m    110[0m [38;5;250m    [39m[38;5;124;03m"""Event kind[39;00m
[1;32m    111[0m 
[1;32m    112[0m [38;5;124;03m    Returns[39;00m
[1;32m    113[0m [38;5;124;03m    -------[39;00m
[1;32m    114[0m [38;5;124;03m    res : str[39;00m
[1;32m    115[0m [38;5;124;03m    """[39;00m
[1;32m    116[0m     [38;5;28;01mreturn[39;00m [38;5;28mself[39m[38;5;241m.[39m_kind

[0;31mKeyboardInterrupt[0m: 

